{"level":"debug","message":"Enter MerchantAuthenticationType constructor","timestamp":"2016-12-08T08:54:11.257Z"}
{"level":"debug","message":"Exit MerchantAuthenticationType constructor","timestamp":"2016-12-08T08:54:11.258Z"}
{"level":"debug","message":"Enter PaymentScheduleType.Interval constructor","timestamp":"2016-12-08T08:54:11.259Z"}
{"level":"debug","message":"Exit PaymentScheduleType.Interval constructor","timestamp":"2016-12-08T08:54:11.259Z"}
{"level":"debug","message":"Enter PaymentScheduleType constructor","timestamp":"2016-12-08T08:54:11.259Z"}
{"level":"debug","message":"Exit PaymentScheduleType constructor","timestamp":"2016-12-08T08:54:11.259Z"}
{"level":"debug","message":"Enter CreditCardType constructor","timestamp":"2016-12-08T08:54:11.259Z"}
{"level":"debug","message":"Enter CreditCardSimpleType constructor","timestamp":"2016-12-08T08:54:11.259Z"}
{"level":"debug","message":"Exit CreditCardSimpleType constructor","timestamp":"2016-12-08T08:54:11.259Z"}
{"level":"debug","message":"Exit CreditCardType constructor","timestamp":"2016-12-08T08:54:11.259Z"}
{"level":"debug","message":"Enter PaymentType constructor","timestamp":"2016-12-08T08:54:11.259Z"}
{"level":"debug","message":"Exit PaymentType constructor","timestamp":"2016-12-08T08:54:11.259Z"}
{"level":"debug","message":"Enter OrderType constructor","timestamp":"2016-12-08T08:54:11.259Z"}
{"level":"debug","message":"Exit OrderType constructor","timestamp":"2016-12-08T08:54:11.259Z"}
{"level":"debug","message":"Enter CustomerType constructor","timestamp":"2016-12-08T08:54:11.260Z"}
{"level":"debug","message":"Exit CustomerType constructor","timestamp":"2016-12-08T08:54:11.260Z"}
{"level":"debug","message":"Enter NameAndAddressType constructor","timestamp":"2016-12-08T08:54:11.260Z"}
{"level":"debug","message":"Exit NameAndAddressType constructor","timestamp":"2016-12-08T08:54:11.260Z"}
{"level":"debug","message":"Enter ARBSubscriptionType constructor","timestamp":"2016-12-08T08:54:11.261Z"}
{"level":"debug","message":"Exit ARBSubscriptionType constructor","timestamp":"2016-12-08T08:54:11.261Z"}
{"level":"debug","message":"Enter ARBCreateSubscriptionRequest constructor","timestamp":"2016-12-08T08:54:11.261Z"}
{"level":"debug","message":"Enter ANetApiRequest constructor","timestamp":"2016-12-08T08:54:11.261Z"}
{"level":"debug","message":"Exit ANetApiRequest constructor","timestamp":"2016-12-08T08:54:11.261Z"}
{"level":"debug","message":"Exit ARBCreateSubscriptionRequest constructor","timestamp":"2016-12-08T08:54:11.261Z"}
{"level":"debug","message":"Enter ARBCreateSubscriptionRequest getJSON","timestamp":"2016-12-08T08:54:11.263Z"}
{"level":"debug","message":"Exit ARBCreateSubscriptionRequest getJSON","timestamp":"2016-12-08T08:54:11.263Z"}
{"level":"debug","message":"Enter ARBCreateSubscriptionRequest getJSON","timestamp":"2016-12-08T08:54:11.264Z"}
{"level":"debug","message":"Exit ARBCreateSubscriptionRequest getJSON","timestamp":"2016-12-08T08:54:11.264Z"}
{"level":"debug","message":"Enter ARBCreateSubscriptionController constructor","timestamp":"2016-12-08T08:54:11.264Z"}
{"level":"debug","message":"Enter APIOperationBase constructor","timestamp":"2016-12-08T08:54:11.264Z"}
{"level":"debug","message":"Exit APIOperationBase constructor","timestamp":"2016-12-08T08:54:11.264Z"}
{"level":"debug","message":"Exit ARBCreateSubscriptionController constructor","timestamp":"2016-12-08T08:54:11.264Z"}
{"level":"debug","message":"Enter APIOperationBase execute","timestamp":"2016-12-08T08:54:11.265Z"}
{"level":"debug","message":"Endpoint : https://apitest.authorize.net/xml/v1/request.api","timestamp":"2016-12-08T08:54:11.265Z"}
{"level":"debug","message":"Request: {\"ARBCreateSubscriptionRequest\":{\"merchantAuthentication\":{\"name\":\"aes-256-ctr\",\"transactionKey\":\"d6F3Efeq\"},\"clientId\":\"sdk-node-1.0.1\",\"subscription\":{\"name\":\"Name77552\",\"paymentSchedule\":{\"interval\":{\"length\":1,\"unit\":\"months\"},\"startDate\":\"2016-12-08\",\"totalOccurrences\":5,\"trialOccurrences\":0},\"amount\":\"26.30\",\"trialAmount\":\"41.76\",\"payment\":{\"creditCard\":{\"cardNumber\":\"4111111111111111\",\"expirationDate\":\"2038-12\"}},\"order\":{\"invoiceNumber\":\"Inv:69775\",\"description\":\"Description10315\"},\"customer\":{\"type\":\"individual\",\"id\":\"Id60133\",\"email\":\"1076@test.anet.net\",\"phoneNumber\":\"1232122122\",\"faxNumber\":\"1232122122\",\"taxId\":\"911011011\"},\"billTo\":{\"firstName\":\"FName1745\",\"lastName\":\"LName5430\",\"company\":\"Company58068\",\"address\":\"Address216\",\"city\":\"City4371\",\"state\":\"State51469\",\"zip\":\"98004\",\"country\":\"USA\"},\"shipTo\":{\"firstName\":\"FName1745\",\"lastName\":\"LName5430\",\"company\":\"Company58068\",\"address\":\"Address216\",\"city\":\"City4371\",\"state\":\"State51469\",\"zip\":\"98004\",\"country\":\"USA\"}}}}","timestamp":"2016-12-08T08:54:11.265Z"}
{"level":"debug","message":"Exit APIOperationBase execute","timestamp":"2016-12-08T08:54:11.269Z"}
{"level":"debug","message":"Response: {\"messages\":{\"resultCode\":\"Error\",\"message\":[{\"code\":\"E00007\",\"text\":\"User authentication failed due to invalid authentication values.\"}]}}","timestamp":"2016-12-08T08:54:11.917Z"}
{"level":"debug","message":"Enter ARBCreateSubscriptionResponse constructor","timestamp":"2016-12-08T08:54:11.917Z"}
{"level":"debug","message":"Enter ANetApiResponse constructor","timestamp":"2016-12-08T08:54:11.917Z"}
{"level":"debug","message":"Enter MessagesType constructor","timestamp":"2016-12-08T08:54:11.917Z"}
{"level":"debug","message":"Enter MessagesType.Message constructor","timestamp":"2016-12-08T08:54:11.917Z"}
{"level":"debug","message":"Exit MessagesType.Message constructor","timestamp":"2016-12-08T08:54:11.917Z"}
{"level":"debug","message":"Exit MessagesType constructor","timestamp":"2016-12-08T08:54:11.917Z"}
{"level":"debug","message":"Exit ANetApiResponse constructor","timestamp":"2016-12-08T08:54:11.917Z"}
{"level":"debug","message":"Exit ARBCreateSubscriptionResponse constructor","timestamp":"2016-12-08T08:54:11.917Z"}
{"level":"debug","message":"Enter MerchantAuthenticationType constructor","timestamp":"2016-12-08T08:55:50.548Z"}
{"level":"debug","message":"Exit MerchantAuthenticationType constructor","timestamp":"2016-12-08T08:55:50.549Z"}
{"level":"debug","message":"Enter PaymentScheduleType.Interval constructor","timestamp":"2016-12-08T08:55:50.549Z"}
{"level":"debug","message":"Exit PaymentScheduleType.Interval constructor","timestamp":"2016-12-08T08:55:50.549Z"}
{"level":"debug","message":"Enter PaymentScheduleType constructor","timestamp":"2016-12-08T08:55:50.550Z"}
{"level":"debug","message":"Exit PaymentScheduleType constructor","timestamp":"2016-12-08T08:55:50.550Z"}
{"level":"debug","message":"Enter CreditCardType constructor","timestamp":"2016-12-08T08:55:50.550Z"}
{"level":"debug","message":"Enter CreditCardSimpleType constructor","timestamp":"2016-12-08T08:55:50.550Z"}
{"level":"debug","message":"Exit CreditCardSimpleType constructor","timestamp":"2016-12-08T08:55:50.550Z"}
{"level":"debug","message":"Exit CreditCardType constructor","timestamp":"2016-12-08T08:55:50.550Z"}
{"level":"debug","message":"Enter PaymentType constructor","timestamp":"2016-12-08T08:55:50.550Z"}
{"level":"debug","message":"Exit PaymentType constructor","timestamp":"2016-12-08T08:55:50.550Z"}
{"level":"debug","message":"Enter OrderType constructor","timestamp":"2016-12-08T08:55:50.550Z"}
{"level":"debug","message":"Exit OrderType constructor","timestamp":"2016-12-08T08:55:50.550Z"}
{"level":"debug","message":"Enter CustomerType constructor","timestamp":"2016-12-08T08:55:50.551Z"}
{"level":"debug","message":"Exit CustomerType constructor","timestamp":"2016-12-08T08:55:50.551Z"}
{"level":"debug","message":"Enter NameAndAddressType constructor","timestamp":"2016-12-08T08:55:50.551Z"}
{"level":"debug","message":"Exit NameAndAddressType constructor","timestamp":"2016-12-08T08:55:50.551Z"}
{"level":"debug","message":"Enter ARBSubscriptionType constructor","timestamp":"2016-12-08T08:55:50.552Z"}
{"level":"debug","message":"Exit ARBSubscriptionType constructor","timestamp":"2016-12-08T08:55:50.552Z"}
{"level":"debug","message":"Enter ARBCreateSubscriptionRequest constructor","timestamp":"2016-12-08T08:55:50.552Z"}
{"level":"debug","message":"Enter ANetApiRequest constructor","timestamp":"2016-12-08T08:55:50.552Z"}
{"level":"debug","message":"Exit ANetApiRequest constructor","timestamp":"2016-12-08T08:55:50.552Z"}
{"level":"debug","message":"Exit ARBCreateSubscriptionRequest constructor","timestamp":"2016-12-08T08:55:50.552Z"}
{"level":"debug","message":"Enter ARBCreateSubscriptionRequest getJSON","timestamp":"2016-12-08T08:55:50.555Z"}
{"level":"debug","message":"Exit ARBCreateSubscriptionRequest getJSON","timestamp":"2016-12-08T08:55:50.555Z"}
{"level":"debug","message":"Enter ARBCreateSubscriptionRequest getJSON","timestamp":"2016-12-08T08:55:50.556Z"}
{"level":"debug","message":"Exit ARBCreateSubscriptionRequest getJSON","timestamp":"2016-12-08T08:55:50.556Z"}
{"level":"debug","message":"Enter ARBCreateSubscriptionController constructor","timestamp":"2016-12-08T08:55:50.556Z"}
{"level":"debug","message":"Enter APIOperationBase constructor","timestamp":"2016-12-08T08:55:50.556Z"}
{"level":"debug","message":"Exit APIOperationBase constructor","timestamp":"2016-12-08T08:55:50.556Z"}
{"level":"debug","message":"Exit ARBCreateSubscriptionController constructor","timestamp":"2016-12-08T08:55:50.556Z"}
{"level":"debug","message":"Enter APIOperationBase execute","timestamp":"2016-12-08T08:55:50.556Z"}
{"level":"debug","message":"Endpoint : https://apitest.authorize.net/xml/v1/request.api","timestamp":"2016-12-08T08:55:50.556Z"}
{"level":"debug","message":"Request: {\"ARBCreateSubscriptionRequest\":{\"merchantAuthentication\":{\"name\":\"3Sh8F2Sr5\",\"transactionKey\":\"9m4X6V539eJtj8V5\"},\"clientId\":\"sdk-node-1.0.1\",\"subscription\":{\"name\":\"Name17313\",\"paymentSchedule\":{\"interval\":{\"length\":1,\"unit\":\"months\"},\"startDate\":\"2016-12-08\",\"totalOccurrences\":5,\"trialOccurrences\":0},\"amount\":\"37.81\",\"trialAmount\":\"87.53\",\"payment\":{\"creditCard\":{\"cardNumber\":\"4111111111111111\",\"expirationDate\":\"2038-12\"}},\"order\":{\"invoiceNumber\":\"Inv:6085\",\"description\":\"Description58017\"},\"customer\":{\"type\":\"individual\",\"id\":\"Id89647\",\"email\":\"26561@test.anet.net\",\"phoneNumber\":\"1232122122\",\"faxNumber\":\"1232122122\",\"taxId\":\"911011011\"},\"billTo\":{\"firstName\":\"FName63293\",\"lastName\":\"LName66517\",\"company\":\"Company5660\",\"address\":\"Address63057\",\"city\":\"City51961\",\"state\":\"State20185\",\"zip\":\"98004\",\"country\":\"USA\"},\"shipTo\":{\"firstName\":\"FName63293\",\"lastName\":\"LName66517\",\"company\":\"Company5660\",\"address\":\"Address63057\",\"city\":\"City51961\",\"state\":\"State20185\",\"zip\":\"98004\",\"country\":\"USA\"}}}}","timestamp":"2016-12-08T08:55:50.556Z"}
{"level":"debug","message":"Exit APIOperationBase execute","timestamp":"2016-12-08T08:55:50.561Z"}
{"level":"debug","message":"Response: {\"messages\":{\"resultCode\":\"Error\",\"message\":[{\"code\":\"E00009\",\"text\":\"The payment gateway account is in Test Mode. The request cannot be processed.\"}]}}","timestamp":"2016-12-08T08:55:50.822Z"}
{"level":"debug","message":"Enter ARBCreateSubscriptionResponse constructor","timestamp":"2016-12-08T08:55:50.822Z"}
{"level":"debug","message":"Enter ANetApiResponse constructor","timestamp":"2016-12-08T08:55:50.822Z"}
{"level":"debug","message":"Enter MessagesType constructor","timestamp":"2016-12-08T08:55:50.823Z"}
{"level":"debug","message":"Enter MessagesType.Message constructor","timestamp":"2016-12-08T08:55:50.823Z"}
{"level":"debug","message":"Exit MessagesType.Message constructor","timestamp":"2016-12-08T08:55:50.823Z"}
{"level":"debug","message":"Exit MessagesType constructor","timestamp":"2016-12-08T08:55:50.823Z"}
{"level":"debug","message":"Exit ANetApiResponse constructor","timestamp":"2016-12-08T08:55:50.823Z"}
{"level":"debug","message":"Exit ARBCreateSubscriptionResponse constructor","timestamp":"2016-12-08T08:55:50.823Z"}
